<?xml version="1.0" encoding="UTF-8"?>
<!-- Generated by org.testng.reporters.JUnitXMLReporter -->
<testsuite hostname="ITGL-3XHVM12" name="Default test" tests="3" failures="0" timestamp="19 Jun 2017 18:36:11 GMT" time="24.993" errors="0">
  <testcase name="frmUserLogin" time="2.638" classname="test.ComadReview"/>
  <testcase name="frmSelectRequest" time="20.224" classname="test.ComadReview"/>
  <testcase name="frmSignOut" time="2.111" classname="test.ComadReview"/>
</testsuite> <!-- Default test -->
