<?xml version="1.0" encoding="UTF-8"?>
<testng-results skipped="0" failed="0" total="2" passed="2">
  <reporter-output>
  </reporter-output>
  <suite name="Default suite" duration-ms="15801" started-at="2017-04-21T15:11:26Z" finished-at="2017-04-21T15:11:42Z">
    <groups>
    </groups>
    <test name="Default test" duration-ms="15801" started-at="2017-04-21T15:11:26Z" finished-at="2017-04-21T15:11:42Z">
      <class name="test.LoginTest">
        <test-method status="PASS" signature="userLogin()[pri:1, instance:test.LoginTest@11bd0f3b]" name="userLogin" duration-ms="9367" started-at="2017-04-21T11:11:26Z" finished-at="2017-04-21T11:11:36Z">
          <reporter-output>
          </reporter-output>
        </test-method> <!-- userLogin -->
        <test-method status="PASS" signature="recordsTab()[pri:2, instance:test.LoginTest@11bd0f3b]" name="recordsTab" duration-ms="6396" started-at="2017-04-21T11:11:36Z" finished-at="2017-04-21T11:11:42Z">
          <reporter-output>
          </reporter-output>
        </test-method> <!-- recordsTab -->
      </class> <!-- test.LoginTest -->
    </test> <!-- Default test -->
  </suite> <!-- Default suite -->
</testng-results>
